<?xml version="1.0" encoding="UTF-8"?>
<testsuite xmlns:xsi="http://www.w3.org/2001/XMLSchema-instance" xsi:schemaLocation="https://maven.apache.org/surefire/maven-surefire-plugin/xsd/surefire-test-report.xsd" name="CustomerServiceImplTest" time="0.215" tests="5" errors="0" skipped="0" failures="0">
  <properties>
[...]
</properties>
  <testcase name="testGetCustomerById" classname="CustomerServiceImplTest" time="0.05"/>
  <testcase name="testGetCustomerByName" classname="CustomerServiceImplTest" time="0.004"/>
  <testcase name="testAddCustomer" classname="CustomerServiceImplTest" time="0.002"/>
  <testcase name="testGetAllCustomers" classname="CustomerServiceImplTest" time="0.003"/>
  <testcase name="testDeleteCustomer" classname="CustomerServiceImplTest" time="0.002"/>
</testsuite>